-----
Wed  4 Mar 2026 22:58:00 GMT ALERT RECEIVED - restarting node_exporter
{
    "Command": {
        "CommandId": "b7e821fc-c140-42b6-8da5-4896ff550078",
        "DocumentName": "AWS-RunShellScript",
        "DocumentVersion": "$DEFAULT",
        "Comment": "",
        "ExpiresAfter": "2026-03-05T00:58:08.266000+00:00",
        "Parameters": {
            "commands": [
                "sudo systemctl restart node_exporter"
            ]
        },
        "InstanceIds": [
            "i-036af2e244fc9b8dc"
        ],
        "Targets": [],
        "RequestedDateTime": "2026-03-04T22:58:08.266000+00:00",
        "Status": "Pending",
        "StatusDetails": "Pending",
        "OutputS3Region": "us-east-1",
        "OutputS3BucketName": "",
        "OutputS3KeyPrefix": "",
        "MaxConcurrency": "50",
        "MaxErrors": "0",
        "TargetCount": 1,
        "CompletedCount": 0,
        "ErrorCount": 0,
        "DeliveryTimedOutCount": 0,
        "ServiceRole": "",
        "NotificationConfig": {
            "NotificationArn": "",
            "NotificationEvents": [],
            "NotificationType": ""
        },
        "CloudWatchOutputConfig": {
            "CloudWatchLogGroupName": "",
            "CloudWatchOutputEnabled": false
        },
        "TimeoutSeconds": 3600,
        "AlarmConfiguration": {
            "IgnorePollAlarmFailure": false,
            "Alarms": []
        },
        "TriggeredAlarms": []
    }
}
Wed  4 Mar 2026 22:58:08 GMT restart command sent via SSM
-----
Thu  5 Mar 2026 11:05:03 GMT ALERT RECEIVED - restarting node_exporter
Thu  5 Mar 2026 11:05:06 GMT restart command sent via SSM
-----
Thu  5 Mar 2026 13:01:59 GMT ALERT RECEIVED - restarting node_exporter
{
    "Command": {
        "CommandId": "21ac5d4c-d3b8-4c3b-ba42-27f6068c2816",
        "DocumentName": "AWS-RunShellScript",
        "DocumentVersion": "$DEFAULT",
        "Comment": "",
        "ExpiresAfter": "2026-03-05T15:02:01.881000+00:00",
        "Parameters": {
            "commands": [
                "sudo systemctl restart node_exporter"
            ]
        },
        "InstanceIds": [
            "i-036af2e244fc9b8dc"
        ],
        "Targets": [],
        "RequestedDateTime": "2026-03-05T13:02:01.881000+00:00",
        "Status": "Pending",
        "StatusDetails": "Pending",
        "OutputS3Region": "us-east-1",
        "OutputS3BucketName": "",
        "OutputS3KeyPrefix": "",
        "MaxConcurrency": "50",
        "MaxErrors": "0",
        "TargetCount": 1,
        "CompletedCount": 0,
        "ErrorCount": 0,
        "DeliveryTimedOutCount": 0,
        "ServiceRole": "",
        "NotificationConfig": {
            "NotificationArn": "",
            "NotificationEvents": [],
            "NotificationType": ""
        },
        "CloudWatchOutputConfig": {
            "CloudWatchLogGroupName": "",
            "CloudWatchOutputEnabled": false
        },
        "TimeoutSeconds": 3600,
        "AlarmConfiguration": {
            "IgnorePollAlarmFailure": false,
            "Alarms": []
        },
        "TriggeredAlarms": []
    }
}
Thu  5 Mar 2026 13:02:02 GMT restart command sent via SSM
